[2024-01-30 19:05:02,842] [INFO] => Попытка получить дату
[2024-01-30 19:05:02,842] [INFO] => Дата успешно получена 20240130
[2024-01-30 19:05:02,842] [INFO] => Начинаю проверку флагового файла
[2024-01-30 19:05:02,842] [INFO] => Продолжаю выполнение - флаговый файл отсутствует
[2024-01-30 19:05:02,842] [INFO] => Запускаю получение данных из конфига
[2024-01-30 19:05:02,844] [INFO] => Данные из конфига получены
[2024-01-30 19:05:02,844] [INFO] => Пытаюсь получить данные из ЦБ
[2024-01-30 19:05:02,844] [DEBUG] => Start func get_data_from_cb
[2024-01-30 19:05:02,850] [DEBUG] => Starting new HTTPS connection (1): www.cbr-xml-daily.ru:443
[2024-01-30 19:05:03,143] [DEBUG] => https://www.cbr-xml-daily.ru:443 "GET /daily_json.js HTTP/1.1" 200 2050
[2024-01-30 19:05:03,144] [DEBUG] => data successfully received from the Central Bank
[2024-01-30 19:05:03,144] [DEBUG] => json has been successfully received
[2024-01-30 19:05:03,144] [DEBUG] => An empty dictionary has been created
[2024-01-30 19:05:03,144] [DEBUG] => fuction return data {'AUD': 59.011, 'AZN': 52.523, 'GBP': 113.2, 'AMD': 0.221, 'BYN': 28.104, 'BGN': 49.41, 'BRL': 18.14, 'HUF': 0.248, 'VND': 0.004, 'HKD': 11.444, 'GEL': 33.35, 'DKK': 12.965, 'AED': 24.313, 'USD': 89.289, 'EUR': 96.79, 'EGP': 2.89, 'INR': 1.074, 'IDR': 0.006, 'KZT': 0.198, 'CAD': 66.425, 'QAR': 24.53, 'KGS': 1.0, 'CNY': 12.407, 'MDL': 5.032, 'NZD': 54.841, 'NOK': 8.548, 'PLN': 22.155, 'RON': 19.442, 'XDR': 118.681, 'SGD': 66.668, 'TJS': 8.151, 'THB': 2.525, 'TRY': 2.946, 'TMT': 25.511, 'UZS': 0.007, 'UAH': 2.357, 'CZK': 3.893, 'SEK': 8.51, 'CHF': 103.451, 'RSD': 0.825, 'ZAR': 4.733, 'KRW': 0.067, 'JPY': 0.606}
[2024-01-30 19:05:03,145] [INFO] => Получил данные из ЦБ
[2024-01-30 19:05:03,145] [INFO] => Пытаюсь создать подключение к БД
[2024-01-30 19:05:03,201] [INFO] => Создал подключение к БД
[2024-01-30 19:05:03,202] [INFO] => Пытаюсь внести данные в БД
[2024-01-30 19:05:03,283] [INFO] => Внес данные в БД
[2024-01-30 19:05:03,283] [INFO] => Проверяю результат внесения в бд
[2024-01-30 19:05:03,283] [INFO] => Данные внесены в БД, флаговый файл создан!
[2024-01-30 20:05:02,035] [INFO] => Попытка получить дату
[2024-01-30 20:05:02,036] [INFO] => Дата успешно получена 20240130
[2024-01-30 20:05:02,036] [INFO] => Начинаю проверку флагового файла
[2024-01-30 20:05:02,036] [INFO] => Заканчиваю выполнение - флаговый файл сушествует
[2024-01-30 21:05:01,828] [INFO] => Попытка получить дату
[2024-01-30 21:05:01,828] [INFO] => Дата успешно получена 20240130
[2024-01-30 21:05:01,828] [INFO] => Начинаю проверку флагового файла
[2024-01-30 21:05:01,828] [INFO] => Заканчиваю выполнение - флаговый файл сушествует
[2024-01-30 22:05:01,635] [INFO] => Попытка получить дату
[2024-01-30 22:05:01,635] [INFO] => Дата успешно получена 20240130
[2024-01-30 22:05:01,635] [INFO] => Начинаю проверку флагового файла
[2024-01-30 22:05:01,635] [INFO] => Заканчиваю выполнение - флаговый файл сушествует
[2024-01-30 23:05:01,774] [INFO] => Попытка получить дату
[2024-01-30 23:05:01,774] [INFO] => Дата успешно получена 20240130
[2024-01-30 23:05:01,774] [INFO] => Начинаю проверку флагового файла
[2024-01-30 23:05:01,774] [INFO] => Заканчиваю выполнение - флаговый файл сушествует
[2024-02-02 17:05:02,331] [INFO] => Попытка получить дату
[2024-02-02 17:05:02,332] [INFO] => Дата успешно получена 20240202
[2024-02-02 17:05:02,332] [INFO] => Начинаю проверку флагового файла
[2024-02-02 17:05:02,332] [INFO] => Продолжаю выполнение - флаговый файл отсутствует
[2024-02-02 17:05:02,332] [INFO] => Запускаю получение данных из конфига
[2024-02-02 17:05:02,334] [INFO] => Данные из конфига получены
[2024-02-02 17:05:02,334] [INFO] => Пытаюсь получить данные из ЦБ
[2024-02-02 17:05:02,334] [DEBUG] => Start func get_data_from_cb
[2024-02-02 17:05:02,340] [DEBUG] => Starting new HTTPS connection (1): www.cbr-xml-daily.ru:443
[2024-02-02 17:05:02,613] [DEBUG] => https://www.cbr-xml-daily.ru:443 "GET /daily_json.js HTTP/1.1" 200 2043
[2024-02-02 17:05:02,614] [DEBUG] => data successfully received from the Central Bank
[2024-02-02 17:05:02,614] [DEBUG] => json has been successfully received
[2024-02-02 17:05:02,614] [DEBUG] => An empty dictionary has been created
[2024-02-02 17:05:02,614] [DEBUG] => fuction return data {'AUD': 59.81, 'AZN': 53.331, 'GBP': 114.978, 'AMD': 0.224, 'BYN': 28.232, 'BGN': 50.128, 'BRL': 18.372, 'HUF': 0.258, 'VND': 0.004, 'HKD': 11.616, 'GEL': 33.866, 'DKK': 13.153, 'AED': 24.687, 'USD': 90.663, 'EUR': 98.644, 'EGP': 2.935, 'INR': 1.091, 'IDR': 0.006, 'KZT': 0.202, 'CAD': 67.638, 'QAR': 24.907, 'KGS': 1.015, 'CNY': 12.6, 'MDL': 5.098, 'NZD': 55.717, 'NOK': 8.626, 'PLN': 22.871, 'RON': 19.84, 'XDR': 120.481, 'SGD': 67.871, 'TJS': 8.275, 'THB': 2.565, 'TRY': 2.989, 'TMT': 25.904, 'UZS': 0.007, 'UAH': 2.411, 'CZK': 3.939, 'SEK': 8.649, 'CHF': 105.865, 'RSD': 0.842, 'ZAR': 4.865, 'KRW': 0.069, 'JPY': 0.619}
[2024-02-02 17:05:02,615] [INFO] => Получил данные из ЦБ
[2024-02-02 17:05:02,615] [INFO] => Пытаюсь создать подключение к БД
[2024-02-02 17:05:02,659] [INFO] => Создал подключение к БД
[2024-02-02 17:05:02,659] [INFO] => Пытаюсь внести данные в БД
[2024-02-02 17:05:02,740] [INFO] => Внес данные в БД
[2024-02-02 17:05:02,740] [INFO] => Проверяю результат внесения в бд
[2024-02-02 17:05:02,740] [INFO] => Данные внесены в БД, флаговый файл создан!
[2024-02-02 18:05:02,037] [INFO] => Попытка получить дату
[2024-02-02 18:05:02,037] [INFO] => Дата успешно получена 20240202
[2024-02-02 18:05:02,037] [INFO] => Начинаю проверку флагового файла
[2024-02-02 18:05:02,037] [INFO] => Заканчиваю выполнение - флаговый файл сушествует
[2024-02-02 19:05:01,396] [INFO] => Попытка получить дату
[2024-02-02 19:05:01,397] [INFO] => Дата успешно получена 20240202
[2024-02-02 19:05:01,397] [INFO] => Начинаю проверку флагового файла
[2024-02-02 19:05:01,397] [INFO] => Заканчиваю выполнение - флаговый файл сушествует
[2024-02-02 20:05:01,333] [INFO] => Попытка получить дату
[2024-02-02 20:05:01,333] [INFO] => Дата успешно получена 20240202
[2024-02-02 20:05:01,333] [INFO] => Начинаю проверку флагового файла
[2024-02-02 20:05:01,333] [INFO] => Заканчиваю выполнение - флаговый файл сушествует
[2024-02-02 21:05:01,405] [INFO] => Попытка получить дату
[2024-02-02 21:05:01,405] [INFO] => Дата успешно получена 20240202
[2024-02-02 21:05:01,405] [INFO] => Начинаю проверку флагового файла
[2024-02-02 21:05:01,405] [INFO] => Заканчиваю выполнение - флаговый файл сушествует
[2024-02-02 22:05:01,390] [INFO] => Попытка получить дату
[2024-02-02 22:05:01,390] [INFO] => Дата успешно получена 20240202
[2024-02-02 22:05:01,390] [INFO] => Начинаю проверку флагового файла
[2024-02-02 22:05:01,390] [INFO] => Заканчиваю выполнение - флаговый файл сушествует
[2024-02-02 23:05:01,598] [INFO] => Попытка получить дату
[2024-02-02 23:05:01,598] [INFO] => Дата успешно получена 20240202
[2024-02-02 23:05:01,598] [INFO] => Начинаю проверку флагового файла
[2024-02-02 23:05:01,598] [INFO] => Заканчиваю выполнение - флаговый файл сушествует
[2024-02-05 11:05:02,878] [INFO] => Попытка получить дату
[2024-02-05 11:05:02,878] [INFO] => Дата успешно получена 20240205
[2024-02-05 11:05:02,879] [INFO] => Начинаю проверку флагового файла
[2024-02-05 11:05:02,879] [INFO] => Продолжаю выполнение - флаговый файл отсутствует
[2024-02-05 11:05:02,879] [INFO] => Запускаю получение данных из конфига
[2024-02-05 11:05:02,889] [INFO] => Данные из конфига получены
[2024-02-05 11:05:02,889] [INFO] => Пытаюсь получить данные из ЦБ
[2024-02-05 11:05:02,889] [DEBUG] => Start func get_data_from_cb
[2024-02-05 11:05:02,895] [DEBUG] => Starting new HTTPS connection (1): www.cbr-xml-daily.ru:443
[2024-02-05 11:05:03,333] [DEBUG] => https://www.cbr-xml-daily.ru:443 "GET /daily_json.js HTTP/1.1" 200 2046
[2024-02-05 11:05:03,338] [DEBUG] => data successfully received from the Central Bank
[2024-02-05 11:05:03,340] [DEBUG] => json has been successfully received
[2024-02-05 11:05:03,340] [DEBUG] => An empty dictionary has been created
[2024-02-05 11:05:03,341] [DEBUG] => fuction return data {'AUD': 59.81, 'AZN': 53.331, 'GBP': 114.978, 'AMD': 0.224, 'BYN': 28.232, 'BGN': 50.128, 'BRL': 18.372, 'HUF': 0.258, 'VND': 0.004, 'HKD': 11.616, 'GEL': 33.866, 'DKK': 13.153, 'AED': 24.687, 'USD': 90.663, 'EUR': 98.644, 'EGP': 2.935, 'INR': 1.091, 'IDR': 0.006, 'KZT': 0.202, 'CAD': 67.638, 'QAR': 24.907, 'KGS': 1.015, 'CNY': 12.6, 'MDL': 5.098, 'NZD': 55.717, 'NOK': 8.626, 'PLN': 22.871, 'RON': 19.84, 'XDR': 120.481, 'SGD': 67.871, 'TJS': 8.275, 'THB': 2.565, 'TRY': 2.989, 'TMT': 25.904, 'UZS': 0.007, 'UAH': 2.411, 'CZK': 3.939, 'SEK': 8.649, 'CHF': 105.865, 'RSD': 0.842, 'ZAR': 4.865, 'KRW': 0.069, 'JPY': 0.619}
[2024-02-05 11:05:03,344] [INFO] => Получил данные из ЦБ
[2024-02-05 11:05:03,345] [INFO] => Пытаюсь создать подключение к БД
[2024-02-05 11:05:03,397] [INFO] => Создал подключение к БД
[2024-02-05 11:05:03,397] [INFO] => Пытаюсь внести данные в БД
[2024-02-05 11:05:03,503] [INFO] => Внес данные в БД
[2024-02-05 11:05:03,504] [INFO] => Проверяю результат внесения в бд
[2024-02-05 11:05:03,504] [INFO] => Данные внесены в БД, флаговый файл создан!
